[ 2017-11-09T10:43:58+08:00 ] 127.0.0.2 127.0.0.1 GET /index/address/index
[ log ] www.sixer.com/index/address/index [运行时间：0.328641s][吞吐率：3.04req/s] [内存消耗：2,327.43kb] [文件加载：45]
[ info ] [ LANG ] /home/aptx/File/PHP/6rmh/thinkphp/lang/zh-cn.php
[ info ] [ ROUTE ] array (
  'type' => 'module',
  'module' => 
  array (
    0 => 'index',
    1 => 'address',
    2 => 'index',
  ),
)
[ info ] [ HEADER ] array (
  'host' => 'www.sixer.com',
  'user-agent' => 'Mozilla/5.0 (X11; Linux x86_64; rv:58.0) Gecko/20100101 Firefox/58.0',
  'accept' => 'text/html,application/xhtml+xml,application/xml;q=0.9,*/*;q=0.8',
  'accept-language' => 'zh-CN,en-US;q=0.7,en;q=0.3',
  'accept-encoding' => 'gzip, deflate',
  'referer' => 'http://www.sixer.com/index/user/',
  'dnt' => '1',
  'connection' => 'keep-alive',
  'upgrade-insecure-requests' => '1',
)
[ info ] [ PARAM ] array (
  '/index/address/index' => '',
)
[ info ] [ SESSION ] INIT array (
  'id' => '',
  'var_session_id' => '',
  'prefix' => 'keep_',
  'type' => '',
  'auto_start' => true,
)
[ info ] [ LOG ] INIT File

---------------------------------------------------------------
[ 2017-11-09T10:43:58+08:00 ] 127.0.0.2 127.0.0.1 GET /index/login/index
[ log ] www.sixer.com/index/login/index [运行时间：0.074565s][吞吐率：13.41req/s] [内存消耗：2,460.14kb] [文件加载：44]
[ info ] [ LANG ] /home/aptx/File/PHP/6rmh/thinkphp/lang/zh-cn.php
[ info ] [ ROUTE ] array (
  'type' => 'module',
  'module' => 
  array (
    0 => 'index',
    1 => 'login',
    2 => 'index',
  ),
)
[ info ] [ HEADER ] array (
  'host' => 'www.sixer.com',
  'user-agent' => 'Mozilla/5.0 (X11; Linux x86_64; rv:58.0) Gecko/20100101 Firefox/58.0',
  'accept' => 'text/html,application/xhtml+xml,application/xml;q=0.9,*/*;q=0.8',
  'accept-language' => 'zh-CN,en-US;q=0.7,en;q=0.3',
  'accept-encoding' => 'gzip, deflate',
  'referer' => 'http://www.sixer.com/index/user/',
  'cookie' => 'PHPSESSID=hqrt371bg02hc64kr75itv3kktjuep18nsb4283jnaa3d9fdh5a1',
  'dnt' => '1',
  'connection' => 'keep-alive',
  'upgrade-insecure-requests' => '1',
)
[ info ] [ PARAM ] array (
  '/index/login/index' => '',
)
[ info ] [ RUN ] app\index\controller\Login->index[ /home/aptx/File/PHP/6rmh/app/index/controller/Login.php ]
[ info ] [ SESSION ] INIT array (
  'id' => '',
  'var_session_id' => '',
  'prefix' => 'keep_',
  'type' => '',
  'auto_start' => true,
)
[ info ] [ VIEW ] /home/aptx/File/PHP/6rmh/public/../app/index/view/login/index.html [ array (
  0 => 'header',
) ]
[ info ] [ LOG ] INIT File

---------------------------------------------------------------
[ 2017-11-09T10:43:59+08:00 ] 127.0.0.2 127.0.0.1 GET /index/login/index
[ log ] www.sixer.com/index/login/index [运行时间：0.041311s][吞吐率：24.21req/s] [内存消耗：2,265.54kb] [文件加载：42]
[ info ] [ LANG ] /home/aptx/File/PHP/6rmh/thinkphp/lang/zh-cn.php
[ info ] [ ROUTE ] array (
  'type' => 'module',
  'module' => 
  array (
    0 => 'index',
    1 => 'login',
    2 => 'index',
  ),
)
[ info ] [ HEADER ] array (
  'host' => 'www.sixer.com',
  'user-agent' => 'Mozilla/5.0 (X11; Linux x86_64; rv:58.0) Gecko/20100101 Firefox/58.0',
  'accept' => '*/*',
  'accept-language' => 'zh-CN,en-US;q=0.7,en;q=0.3',
  'accept-encoding' => 'gzip, deflate',
  'referer' => 'http://www.sixer.com/index/login/index',
  'cookie' => 'PHPSESSID=hqrt371bg02hc64kr75itv3kktjuep18nsb4283jnaa3d9fdh5a1',
  'dnt' => '1',
  'connection' => 'keep-alive',
)
[ info ] [ PARAM ] array (
  '/index/login/index' => '',
)
[ info ] [ RUN ] app\index\controller\Login->index[ /home/aptx/File/PHP/6rmh/app/index/controller/Login.php ]
[ info ] [ SESSION ] INIT array (
  'id' => '',
  'var_session_id' => '',
  'prefix' => 'keep_',
  'type' => '',
  'auto_start' => true,
)
[ info ] [ VIEW ] /home/aptx/File/PHP/6rmh/public/../app/index/view/login/index.html [ array (
  0 => 'header',
) ]
[ info ] [ LOG ] INIT File

---------------------------------------------------------------
[ 2017-11-09T10:49:08+08:00 ] 127.0.0.2 127.0.0.1 GET /index/login/index
[ log ] www.sixer.com/index/login/index [运行时间：0.026789s][吞吐率：37.33req/s] [内存消耗：2,266.06kb] [文件加载：42]
[ info ] [ LANG ] /home/aptx/File/PHP/6rmh/thinkphp/lang/zh-cn.php
[ info ] [ ROUTE ] array (
  'type' => 'module',
  'module' => 
  array (
    0 => 'index',
    1 => 'login',
    2 => 'index',
  ),
)
[ info ] [ HEADER ] array (
  'host' => 'www.sixer.com',
  'user-agent' => 'Mozilla/5.0 (X11; Linux x86_64; rv:58.0) Gecko/20100101 Firefox/58.0',
  'accept' => 'text/html,application/xhtml+xml,application/xml;q=0.9,*/*;q=0.8',
  'accept-language' => 'zh-CN,en-US;q=0.7,en;q=0.3',
  'accept-encoding' => 'gzip, deflate',
  'dnt' => '1',
  'connection' => 'keep-alive',
  'upgrade-insecure-requests' => '1',
  'pragma' => 'no-cache',
  'cache-control' => 'no-cache',
)
[ info ] [ PARAM ] array (
  '/index/login/index' => '',
)
[ info ] [ RUN ] app\index\controller\Login->index[ /home/aptx/File/PHP/6rmh/app/index/controller/Login.php ]
[ info ] [ SESSION ] INIT array (
  'id' => '',
  'var_session_id' => '',
  'prefix' => 'keep_',
  'type' => '',
  'auto_start' => true,
)
[ info ] [ VIEW ] /home/aptx/File/PHP/6rmh/public/../app/index/view/login/index.html [ array (
  0 => 'header',
) ]
[ info ] [ LOG ] INIT File

---------------------------------------------------------------
[ 2017-11-09T10:49:09+08:00 ] 127.0.0.2 127.0.0.1 GET /index/login/index
[ log ] www.sixer.com/index/login/index [运行时间：0.022405s][吞吐率：44.63req/s] [内存消耗：2,265.86kb] [文件加载：42]
[ info ] [ LANG ] /home/aptx/File/PHP/6rmh/thinkphp/lang/zh-cn.php
[ info ] [ ROUTE ] array (
  'type' => 'module',
  'module' => 
  array (
    0 => 'index',
    1 => 'login',
    2 => 'index',
  ),
)
[ info ] [ HEADER ] array (
  'host' => 'www.sixer.com',
  'user-agent' => 'Mozilla/5.0 (X11; Linux x86_64; rv:58.0) Gecko/20100101 Firefox/58.0',
  'accept' => '*/*',
  'accept-language' => 'zh-CN,en-US;q=0.7,en;q=0.3',
  'accept-encoding' => 'gzip, deflate',
  'referer' => 'http://www.sixer.com/index/login/index',
  'dnt' => '1',
  'connection' => 'keep-alive',
  'pragma' => 'no-cache',
  'cache-control' => 'no-cache',
)
[ info ] [ PARAM ] array (
  '/index/login/index' => '',
)
[ info ] [ RUN ] app\index\controller\Login->index[ /home/aptx/File/PHP/6rmh/app/index/controller/Login.php ]
[ info ] [ SESSION ] INIT array (
  'id' => '',
  'var_session_id' => '',
  'prefix' => 'keep_',
  'type' => '',
  'auto_start' => true,
)
[ info ] [ VIEW ] /home/aptx/File/PHP/6rmh/public/../app/index/view/login/index.html [ array (
  0 => 'header',
) ]
[ info ] [ LOG ] INIT File

---------------------------------------------------------------
[ 2017-11-09T10:49:10+08:00 ] 127.0.0.2 127.0.0.1 GET /index/index/footerinfo
[ log ] www.sixer.com/index/index/footerinfo [运行时间：0.410970s][吞吐率：2.43req/s] [内存消耗：3,256.95kb] [文件加载：50]
[ info ] [ LANG ] /home/aptx/File/PHP/6rmh/thinkphp/lang/zh-cn.php
[ info ] [ ROUTE ] array (
  'type' => 'module',
  'module' => 
  array (
    0 => 'index',
    1 => 'index',
    2 => 'footerinfo',
  ),
)
[ info ] [ HEADER ] array (
  'host' => 'www.sixer.com',
  'user-agent' => 'Mozilla/5.0 (X11; Linux x86_64; rv:58.0) Gecko/20100101 Firefox/58.0',
  'accept' => 'application/json, text/plain, */*',
  'accept-language' => 'zh-CN,en-US;q=0.7,en;q=0.3',
  'accept-encoding' => 'gzip, deflate',
  'referer' => 'http://www.sixer.com/index/login/index',
  'dnt' => '1',
  'connection' => 'keep-alive',
  'pragma' => 'no-cache',
  'cache-control' => 'no-cache',
)
[ info ] [ PARAM ] array (
  '/index/index/footerinfo' => '',
)
[ info ] [ RUN ] app\index\controller\Index->footerInfo[ /home/aptx/File/PHP/6rmh/app/index/controller/Index.php ]
[ info ] [ CACHE ] INIT File
[ info ] [ DB ] INIT mysql
[ info ] [ LOG ] INIT File

---------------------------------------------------------------
[ 2017-11-09T13:55:27+08:00 ] 127.0.0.2 127.0.0.1 GET /index/index/index
[ log ] www.sixer.com/index/index/index [运行时间：0.815224s][吞吐率：1.23req/s] [内存消耗：3,579.96kb] [文件加载：55]
[ info ] [ LANG ] /home/aptx/File/PHP/6rmh/thinkphp/lang/zh-cn.php
[ info ] [ ROUTE ] array (
  'type' => 'module',
  'module' => 
  array (
    0 => 'index',
    1 => 'index',
    2 => 'index',
  ),
)
[ info ] [ HEADER ] array (
  'host' => 'www.sixer.com',
  'user-agent' => 'Mozilla/5.0 (X11; Linux x86_64; rv:58.0) Gecko/20100101 Firefox/58.0',
  'accept' => 'text/html,application/xhtml+xml,application/xml;q=0.9,*/*;q=0.8',
  'accept-language' => 'zh-CN,en-US;q=0.7,en;q=0.3',
  'accept-encoding' => 'gzip, deflate',
  'referer' => 'http://www.sixer.com/index/login/index',
  'cookie' => 'PHPSESSID=hqrt371bg02hc64kr75itv3kktjuep18nsb4283jnaa3d9fdh5a1',
  'dnt' => '1',
  'connection' => 'keep-alive',
  'upgrade-insecure-requests' => '1',
)
[ info ] [ PARAM ] array (
  '/index/index/index' => '',
)
[ info ] [ RUN ] app\index\controller\Index->index[ /home/aptx/File/PHP/6rmh/app/index/controller/Index.php ]
[ info ] [ SESSION ] INIT array (
  'id' => '',
  'var_session_id' => '',
  'prefix' => 'keep_',
  'type' => '',
  'auto_start' => true,
)
[ info ] [ CACHE ] INIT File
[ info ] [ DB ] INIT mysql
[ info ] [ VIEW ] /home/aptx/File/PHP/6rmh/public/../app/index/view/index/special.html [ array (
  0 => 'goods',
  1 => 'config',
) ]
[ info ] [ LOG ] INIT File

---------------------------------------------------------------
[ 2017-11-09T13:55:29+08:00 ] 127.0.0.2 127.0.0.1 GET /index/index/topInfo
[ log ] www.sixer.com/index/index/topInfo [运行时间：0.368035s][吞吐率：2.72req/s] [内存消耗：3,257.34kb] [文件加载：50]
[ info ] [ LANG ] /home/aptx/File/PHP/6rmh/thinkphp/lang/zh-cn.php
[ info ] [ ROUTE ] array (
  'type' => 'module',
  'module' => 
  array (
    0 => 'index',
    1 => 'index',
    2 => 'topInfo',
  ),
)
[ info ] [ HEADER ] array (
  'host' => 'www.sixer.com',
  'user-agent' => 'Mozilla/5.0 (X11; Linux x86_64; rv:58.0) Gecko/20100101 Firefox/58.0',
  'accept' => 'application/json, text/plain, */*',
  'accept-language' => 'zh-CN,en-US;q=0.7,en;q=0.3',
  'accept-encoding' => 'gzip, deflate',
  'referer' => 'http://www.sixer.com/index/index/index',
  'cookie' => 'PHPSESSID=hqrt371bg02hc64kr75itv3kktjuep18nsb4283jnaa3d9fdh5a1',
  'dnt' => '1',
  'connection' => 'keep-alive',
)
[ info ] [ PARAM ] array (
  '/index/index/topInfo' => '',
)
[ info ] [ RUN ] app\index\controller\Index->topInfo[ /home/aptx/File/PHP/6rmh/app/index/controller/Index.php ]
[ info ] [ CACHE ] INIT File
[ info ] [ DB ] INIT mysql
[ info ] [ SESSION ] INIT array (
  'id' => '',
  'var_session_id' => '',
  'prefix' => 'keep_',
  'type' => '',
  'auto_start' => true,
)
[ info ] [ LOG ] INIT File

---------------------------------------------------------------
