[ 2017-11-15T09:02:00+08:00 ] 127.0.0.2 127.0.0.1 GET /
[ log ] 127.0.0.2/ [运行时间：0.706991s][吞吐率：1.41req/s] [内存消耗：3,373.19kb] [文件加载：53]
[ info ] [ LANG ] /home/aptx/File/PHP/6rmh/thinkphp/lang/zh-cn.php
[ info ] [ ROUTE ] array (
  'type' => 'module',
  'module' => 
  array (
    0 => '',
    1 => NULL,
    2 => NULL,
  ),
)
[ info ] [ HEADER ] array (
  'host' => '127.0.0.2',
  'user-agent' => 'Mozilla/5.0 (X11; Linux x86_64; rv:58.0) Gecko/20100101 Firefox/58.0',
  'accept' => 'text/html,application/xhtml+xml,application/xml;q=0.9,*/*;q=0.8',
  'accept-language' => 'zh-CN,en-US;q=0.7,en;q=0.3',
  'accept-encoding' => 'gzip, deflate',
  'dnt' => '1',
  'connection' => 'keep-alive',
  'upgrade-insecure-requests' => '1',
  'pragma' => 'no-cache',
  'cache-control' => 'no-cache',
)
[ info ] [ PARAM ] array (
)
[ info ] [ RUN ] app\index\controller\Index->index[ /home/aptx/File/PHP/6rmh/app/index/controller/Index.php ]
[ info ] [ SESSION ] INIT array (
  'id' => '',
  'var_session_id' => '',
  'prefix' => 'keep_',
  'type' => '',
  'auto_start' => true,
)
[ info ] [ CACHE ] INIT File
[ info ] [ DB ] INIT mysql
[ info ] [ VIEW ] /home/aptx/File/PHP/6rmh/public/../app/index/view/index/special.html [ array (
  0 => 'goods',
  1 => 'config',
) ]
[ info ] [ LOG ] INIT File

---------------------------------------------------------------
[ 2017-11-15T09:02:03+08:00 ] 127.0.0.2 127.0.0.1 GET /static/css/hexagon/img/7.jpg
[ log ] 127.0.0.2/static/css/hexagon/img/7.jpg [运行时间：0.058671s][吞吐率：17.04req/s] [内存消耗：1,915.60kb] [文件加载：37]
[ info ] [ LANG ] /home/aptx/File/PHP/6rmh/thinkphp/lang/zh-cn.php
[ info ] [ ROUTE ] array (
  'type' => 'module',
  'module' => 
  array (
    0 => 'static',
    1 => 'css',
    2 => 'hexagon',
  ),
)
[ info ] [ HEADER ] array (
  'host' => '127.0.0.2',
  'user-agent' => 'Mozilla/5.0 (X11; Linux x86_64; rv:58.0) Gecko/20100101 Firefox/58.0',
  'accept' => '*/*',
  'accept-language' => 'zh-CN,en-US;q=0.7,en;q=0.3',
  'accept-encoding' => 'gzip, deflate',
  'referer' => 'http://127.0.0.2/',
  'cookie' => 'PHPSESSID=ge3ba9h03pp80pqh55j43gts49n32gajdoun6i15de3ujctd4hp0',
  'dnt' => '1',
  'connection' => 'keep-alive',
  'pragma' => 'no-cache',
  'cache-control' => 'no-cache',
)
[ info ] [ PARAM ] array (
  '/static/css/hexagon/img/7_jpg' => '',
  'img' => '7.jpg',
)
[ info ] [ LOG ] INIT File

---------------------------------------------------------------
[ 2017-11-15T09:02:04+08:00 ] 127.0.0.2 127.0.0.1 GET /static/css/hexagon/img/7.jpg
[ log ] 127.0.0.2/static/css/hexagon/img/7.jpg [运行时间：0.029311s][吞吐率：34.12req/s] [内存消耗：1,915.60kb] [文件加载：37]
[ info ] [ LANG ] /home/aptx/File/PHP/6rmh/thinkphp/lang/zh-cn.php
[ info ] [ ROUTE ] array (
  'type' => 'module',
  'module' => 
  array (
    0 => 'static',
    1 => 'css',
    2 => 'hexagon',
  ),
)
[ info ] [ HEADER ] array (
  'host' => '127.0.0.2',
  'user-agent' => 'Mozilla/5.0 (X11; Linux x86_64; rv:58.0) Gecko/20100101 Firefox/58.0',
  'accept' => '*/*',
  'accept-language' => 'zh-CN,en-US;q=0.7,en;q=0.3',
  'accept-encoding' => 'gzip, deflate',
  'referer' => 'http://127.0.0.2/',
  'cookie' => 'PHPSESSID=ge3ba9h03pp80pqh55j43gts49n32gajdoun6i15de3ujctd4hp0',
  'dnt' => '1',
  'connection' => 'keep-alive',
  'pragma' => 'no-cache',
  'cache-control' => 'no-cache',
)
[ info ] [ PARAM ] array (
  '/static/css/hexagon/img/7_jpg' => '',
  'img' => '7.jpg',
)
[ info ] [ LOG ] INIT File

---------------------------------------------------------------
[ 2017-11-15T09:02:05+08:00 ] 127.0.0.2 127.0.0.1 GET /index/index/footerinfo
[ log ] 127.0.0.2/index/index/footerinfo [运行时间：0.067365s][吞吐率：14.84req/s] [内存消耗：2,357.13kb] [文件加载：44]
[ info ] [ LANG ] /home/aptx/File/PHP/6rmh/thinkphp/lang/zh-cn.php
[ info ] [ ROUTE ] array (
  'type' => 'module',
  'module' => 
  array (
    0 => 'index',
    1 => 'index',
    2 => 'footerinfo',
  ),
)
[ info ] [ HEADER ] array (
  'host' => '127.0.0.2',
  'user-agent' => 'Mozilla/5.0 (X11; Linux x86_64; rv:58.0) Gecko/20100101 Firefox/58.0',
  'accept' => 'application/json, text/plain, */*',
  'accept-language' => 'zh-CN,en-US;q=0.7,en;q=0.3',
  'accept-encoding' => 'gzip, deflate',
  'referer' => 'http://127.0.0.2/',
  'cookie' => 'PHPSESSID=ge3ba9h03pp80pqh55j43gts49n32gajdoun6i15de3ujctd4hp0',
  'dnt' => '1',
  'connection' => 'keep-alive',
  'pragma' => 'no-cache',
  'cache-control' => 'no-cache',
)
[ info ] [ PARAM ] array (
  '/index/index/footerinfo' => '',
)
[ info ] [ RUN ] app\index\controller\Index->footerInfo[ /home/aptx/File/PHP/6rmh/app/index/controller/Index.php ]
[ info ] [ CACHE ] INIT File
[ info ] [ LOG ] INIT File

---------------------------------------------------------------
[ 2017-11-15T09:02:05+08:00 ] 127.0.0.2 127.0.0.1 GET /index/index/topInfo
[ log ] 127.0.0.2/index/index/topInfo [运行时间：0.288944s][吞吐率：3.46req/s] [内存消耗：3,258.62kb] [文件加载：50]
[ info ] [ LANG ] /home/aptx/File/PHP/6rmh/thinkphp/lang/zh-cn.php
[ info ] [ ROUTE ] array (
  'type' => 'module',
  'module' => 
  array (
    0 => 'index',
    1 => 'index',
    2 => 'topInfo',
  ),
)
[ info ] [ HEADER ] array (
  'host' => '127.0.0.2',
  'user-agent' => 'Mozilla/5.0 (X11; Linux x86_64; rv:58.0) Gecko/20100101 Firefox/58.0',
  'accept' => 'application/json, text/plain, */*',
  'accept-language' => 'zh-CN,en-US;q=0.7,en;q=0.3',
  'accept-encoding' => 'gzip, deflate',
  'referer' => 'http://127.0.0.2/',
  'cookie' => 'PHPSESSID=ge3ba9h03pp80pqh55j43gts49n32gajdoun6i15de3ujctd4hp0',
  'dnt' => '1',
  'connection' => 'keep-alive',
  'pragma' => 'no-cache',
  'cache-control' => 'no-cache',
)
[ info ] [ PARAM ] array (
  '/index/index/topInfo' => '',
)
[ info ] [ RUN ] app\index\controller\Index->topInfo[ /home/aptx/File/PHP/6rmh/app/index/controller/Index.php ]
[ info ] [ CACHE ] INIT File
[ info ] [ DB ] INIT mysql
[ info ] [ SESSION ] INIT array (
  'id' => '',
  'var_session_id' => '',
  'prefix' => 'keep_',
  'type' => '',
  'auto_start' => true,
)
[ info ] [ LOG ] INIT File

---------------------------------------------------------------
[ 2017-11-15T09:06:33+08:00 ] 127.0.0.2 127.0.0.1 GET /
[ log ] 127.0.0.2/ [运行时间：0.809884s][吞吐率：1.23req/s] [内存消耗：3,373.20kb] [文件加载：53]
[ info ] [ LANG ] /home/aptx/File/PHP/6rmh/thinkphp/lang/zh-cn.php
[ info ] [ ROUTE ] array (
  'type' => 'module',
  'module' => 
  array (
    0 => '',
    1 => NULL,
    2 => NULL,
  ),
)
[ info ] [ HEADER ] array (
  'host' => '127.0.0.2',
  'user-agent' => 'Mozilla/5.0 (X11; Linux x86_64; rv:58.0) Gecko/20100101 Firefox/58.0',
  'accept' => 'text/html,application/xhtml+xml,application/xml;q=0.9,*/*;q=0.8',
  'accept-language' => 'zh-CN,en-US;q=0.7,en;q=0.3',
  'accept-encoding' => 'gzip, deflate',
  'dnt' => '1',
  'connection' => 'keep-alive',
  'upgrade-insecure-requests' => '1',
  'pragma' => 'no-cache',
  'cache-control' => 'no-cache',
)
[ info ] [ PARAM ] array (
)
[ info ] [ RUN ] app\index\controller\Index->index[ /home/aptx/File/PHP/6rmh/app/index/controller/Index.php ]
[ info ] [ SESSION ] INIT array (
  'id' => '',
  'var_session_id' => '',
  'prefix' => 'keep_',
  'type' => '',
  'auto_start' => true,
)
[ info ] [ CACHE ] INIT File
[ info ] [ DB ] INIT mysql
[ info ] [ VIEW ] /home/aptx/File/PHP/6rmh/public/../app/index/view/index/special.html [ array (
  0 => 'goods',
  1 => 'config',
) ]
[ info ] [ LOG ] INIT File

---------------------------------------------------------------
[ 2017-11-15T09:06:34+08:00 ] 127.0.0.2 127.0.0.1 GET /static/css/hexagon/img/7.jpg
[ log ] 127.0.0.2/static/css/hexagon/img/7.jpg [运行时间：0.029027s][吞吐率：34.45req/s] [内存消耗：1,915.18kb] [文件加载：37]
[ info ] [ LANG ] /home/aptx/File/PHP/6rmh/thinkphp/lang/zh-cn.php
[ info ] [ ROUTE ] array (
  'type' => 'module',
  'module' => 
  array (
    0 => 'static',
    1 => 'css',
    2 => 'hexagon',
  ),
)
[ info ] [ HEADER ] array (
  'host' => '127.0.0.2',
  'user-agent' => 'Mozilla/5.0 (X11; Linux x86_64; rv:58.0) Gecko/20100101 Firefox/58.0',
  'accept' => '*/*',
  'accept-language' => 'zh-CN,en-US;q=0.7,en;q=0.3',
  'accept-encoding' => 'gzip, deflate',
  'referer' => 'http://127.0.0.2/',
  'dnt' => '1',
  'connection' => 'keep-alive',
  'pragma' => 'no-cache',
  'cache-control' => 'no-cache',
)
[ info ] [ PARAM ] array (
  '/static/css/hexagon/img/7_jpg' => '',
  'img' => '7.jpg',
)
[ info ] [ LOG ] INIT File

---------------------------------------------------------------
[ 2017-11-15T09:06:34+08:00 ] 127.0.0.2 127.0.0.1 GET /static/css/hexagon/img/7.jpg
[ log ] 127.0.0.2/static/css/hexagon/img/7.jpg [运行时间：0.025143s][吞吐率：39.77req/s] [内存消耗：1,915.18kb] [文件加载：37]
[ info ] [ LANG ] /home/aptx/File/PHP/6rmh/thinkphp/lang/zh-cn.php
[ info ] [ ROUTE ] array (
  'type' => 'module',
  'module' => 
  array (
    0 => 'static',
    1 => 'css',
    2 => 'hexagon',
  ),
)
[ info ] [ HEADER ] array (
  'host' => '127.0.0.2',
  'user-agent' => 'Mozilla/5.0 (X11; Linux x86_64; rv:58.0) Gecko/20100101 Firefox/58.0',
  'accept' => '*/*',
  'accept-language' => 'zh-CN,en-US;q=0.7,en;q=0.3',
  'accept-encoding' => 'gzip, deflate',
  'referer' => 'http://127.0.0.2/',
  'dnt' => '1',
  'connection' => 'keep-alive',
  'pragma' => 'no-cache',
  'cache-control' => 'no-cache',
)
[ info ] [ PARAM ] array (
  '/static/css/hexagon/img/7_jpg' => '',
  'img' => '7.jpg',
)
[ info ] [ LOG ] INIT File

---------------------------------------------------------------
[ 2017-11-15T09:06:34+08:00 ] 127.0.0.2 127.0.0.1 GET /index/index/footerinfo
[ log ] 127.0.0.2/index/index/footerinfo [运行时间：0.026293s][吞吐率：38.03req/s] [内存消耗：2,356.62kb] [文件加载：44]
[ info ] [ LANG ] /home/aptx/File/PHP/6rmh/thinkphp/lang/zh-cn.php
[ info ] [ ROUTE ] array (
  'type' => 'module',
  'module' => 
  array (
    0 => 'index',
    1 => 'index',
    2 => 'footerinfo',
  ),
)
[ info ] [ HEADER ] array (
  'host' => '127.0.0.2',
  'user-agent' => 'Mozilla/5.0 (X11; Linux x86_64; rv:58.0) Gecko/20100101 Firefox/58.0',
  'accept' => 'application/json, text/plain, */*',
  'accept-language' => 'zh-CN,en-US;q=0.7,en;q=0.3',
  'accept-encoding' => 'gzip, deflate',
  'referer' => 'http://127.0.0.2/',
  'dnt' => '1',
  'connection' => 'keep-alive',
  'pragma' => 'no-cache',
  'cache-control' => 'no-cache',
)
[ info ] [ PARAM ] array (
  '/index/index/footerinfo' => '',
)
[ info ] [ RUN ] app\index\controller\Index->footerInfo[ /home/aptx/File/PHP/6rmh/app/index/controller/Index.php ]
[ info ] [ CACHE ] INIT File
[ info ] [ LOG ] INIT File

---------------------------------------------------------------
[ 2017-11-15T09:06:34+08:00 ] 127.0.0.2 127.0.0.1 GET /index/index/topInfo
[ log ] 127.0.0.2/index/index/topInfo [运行时间：0.251823s][吞吐率：3.97req/s] [内存消耗：3,257.13kb] [文件加载：50]
[ info ] [ LANG ] /home/aptx/File/PHP/6rmh/thinkphp/lang/zh-cn.php
[ info ] [ ROUTE ] array (
  'type' => 'module',
  'module' => 
  array (
    0 => 'index',
    1 => 'index',
    2 => 'topInfo',
  ),
)
[ info ] [ HEADER ] array (
  'host' => '127.0.0.2',
  'user-agent' => 'Mozilla/5.0 (X11; Linux x86_64; rv:58.0) Gecko/20100101 Firefox/58.0',
  'accept' => 'application/json, text/plain, */*',
  'accept-language' => 'zh-CN,en-US;q=0.7,en;q=0.3',
  'accept-encoding' => 'gzip, deflate',
  'referer' => 'http://127.0.0.2/',
  'dnt' => '1',
  'connection' => 'keep-alive',
  'pragma' => 'no-cache',
  'cache-control' => 'no-cache',
)
[ info ] [ PARAM ] array (
  '/index/index/topInfo' => '',
)
[ info ] [ RUN ] app\index\controller\Index->topInfo[ /home/aptx/File/PHP/6rmh/app/index/controller/Index.php ]
[ info ] [ CACHE ] INIT File
[ info ] [ DB ] INIT mysql
[ info ] [ SESSION ] INIT array (
  'id' => '',
  'var_session_id' => '',
  'prefix' => 'keep_',
  'type' => '',
  'auto_start' => true,
)
[ info ] [ LOG ] INIT File

---------------------------------------------------------------
[ 2017-11-15T09:26:08+08:00 ] 127.0.0.2 127.0.0.1 GET /index/user/
[ log ] www.sixer.com/index/user/ [运行时间：0.143069s][吞吐率：6.99req/s] [内存消耗：2,324.88kb] [文件加载：45]
[ info ] [ LANG ] /home/aptx/File/PHP/6rmh/thinkphp/lang/zh-cn.php
[ info ] [ ROUTE ] array (
  'type' => 'module',
  'module' => 
  array (
    0 => 'index',
    1 => 'user',
    2 => NULL,
  ),
)
[ info ] [ HEADER ] array (
  'host' => 'www.sixer.com',
  'user-agent' => 'Mozilla/5.0 (X11; Linux x86_64; rv:58.0) Gecko/20100101 Firefox/58.0',
  'accept' => 'text/html,application/xhtml+xml,application/xml;q=0.9,*/*;q=0.8',
  'accept-language' => 'zh-CN,en-US;q=0.7,en;q=0.3',
  'accept-encoding' => 'gzip, deflate',
  'referer' => 'http://www.sixer.com/index/inner/purchase',
  'dnt' => '1',
  'connection' => 'keep-alive',
  'upgrade-insecure-requests' => '1',
)
[ info ] [ PARAM ] array (
  '/index/user/' => '',
)
[ info ] [ SESSION ] INIT array (
  'id' => '',
  'var_session_id' => '',
  'prefix' => 'keep_',
  'type' => '',
  'auto_start' => true,
)
[ info ] [ LOG ] INIT File

---------------------------------------------------------------
[ 2017-11-15T09:26:09+08:00 ] 127.0.0.2 127.0.0.1 GET /index/login/index
[ log ] www.sixer.com/index/login/index [运行时间：0.061152s][吞吐率：16.35req/s] [内存消耗：2,264.52kb] [文件加载：42]
[ info ] [ LANG ] /home/aptx/File/PHP/6rmh/thinkphp/lang/zh-cn.php
[ info ] [ ROUTE ] array (
  'type' => 'module',
  'module' => 
  array (
    0 => 'index',
    1 => 'login',
    2 => 'index',
  ),
)
[ info ] [ HEADER ] array (
  'host' => 'www.sixer.com',
  'user-agent' => 'Mozilla/5.0 (X11; Linux x86_64; rv:58.0) Gecko/20100101 Firefox/58.0',
  'accept' => 'text/html,application/xhtml+xml,application/xml;q=0.9,*/*;q=0.8',
  'accept-language' => 'zh-CN,en-US;q=0.7,en;q=0.3',
  'accept-encoding' => 'gzip, deflate',
  'referer' => 'http://www.sixer.com/index/inner/purchase',
  'cookie' => 'PHPSESSID=g4a0ikigj05ucf69ovs2o6sg030d8omns8jn50e51oj0heu31tp1',
  'dnt' => '1',
  'connection' => 'keep-alive',
  'upgrade-insecure-requests' => '1',
)
[ info ] [ PARAM ] array (
  '/index/login/index' => '',
)
[ info ] [ RUN ] app\index\controller\Login->index[ /home/aptx/File/PHP/6rmh/app/index/controller/Login.php ]
[ info ] [ SESSION ] INIT array (
  'id' => '',
  'var_session_id' => '',
  'prefix' => 'keep_',
  'type' => '',
  'auto_start' => true,
)
[ info ] [ VIEW ] /home/aptx/File/PHP/6rmh/public/../app/index/view/login/index.html [ array (
  0 => 'header',
) ]
[ info ] [ LOG ] INIT File

---------------------------------------------------------------
[ 2017-11-15T09:26:09+08:00 ] 127.0.0.2 127.0.0.1 GET /index/login/index
[ log ] www.sixer.com/index/login/index [运行时间：0.023571s][吞吐率：42.42req/s] [内存消耗：2,264.13kb] [文件加载：42]
[ info ] [ LANG ] /home/aptx/File/PHP/6rmh/thinkphp/lang/zh-cn.php
[ info ] [ ROUTE ] array (
  'type' => 'module',
  'module' => 
  array (
    0 => 'index',
    1 => 'login',
    2 => 'index',
  ),
)
[ info ] [ HEADER ] array (
  'host' => 'www.sixer.com',
  'user-agent' => 'Mozilla/5.0 (X11; Linux x86_64; rv:58.0) Gecko/20100101 Firefox/58.0',
  'accept' => '*/*',
  'accept-language' => 'zh-CN,en-US;q=0.7,en;q=0.3',
  'accept-encoding' => 'gzip, deflate',
  'referer' => 'http://www.sixer.com/index/login/index',
  'cookie' => 'PHPSESSID=g4a0ikigj05ucf69ovs2o6sg030d8omns8jn50e51oj0heu31tp1',
  'dnt' => '1',
  'connection' => 'keep-alive',
)
[ info ] [ PARAM ] array (
  '/index/login/index' => '',
)
[ info ] [ RUN ] app\index\controller\Login->index[ /home/aptx/File/PHP/6rmh/app/index/controller/Login.php ]
[ info ] [ SESSION ] INIT array (
  'id' => '',
  'var_session_id' => '',
  'prefix' => 'keep_',
  'type' => '',
  'auto_start' => true,
)
[ info ] [ VIEW ] /home/aptx/File/PHP/6rmh/public/../app/index/view/login/index.html [ array (
  0 => 'header',
) ]
[ info ] [ LOG ] INIT File

---------------------------------------------------------------
[ 2017-11-15T10:01:56+08:00 ] 127.0.0.2 127.0.0.1 GET /index/inner/purchase
[ log ] www.sixer.com/index/inner/purchase [运行时间：0.112566s][吞吐率：8.88req/s] [内存消耗：2,341.18kb] [文件加载：45]
[ info ] [ LANG ] /home/aptx/File/PHP/6rmh/thinkphp/lang/zh-cn.php
[ info ] [ ROUTE ] array (
  'type' => 'module',
  'module' => 
  array (
    0 => 'index',
    1 => 'inner',
    2 => 'purchase',
  ),
)
[ info ] [ HEADER ] array (
  'host' => 'www.sixer.com',
  'user-agent' => 'Mozilla/5.0 (X11; Linux x86_64; rv:58.0) Gecko/20100101 Firefox/58.0',
  'accept' => 'text/html,application/xhtml+xml,application/xml;q=0.9,*/*;q=0.8',
  'accept-language' => 'zh-CN,en-US;q=0.7,en;q=0.3',
  'accept-encoding' => 'gzip, deflate',
  'referer' => 'http://www.sixer.com/index/order/index',
  'cookie' => 'PHPSESSID=g4a0ikigj05ucf69ovs2o6sg030d8omns8jn50e51oj0heu31tp1',
  'dnt' => '1',
  'connection' => 'keep-alive',
  'upgrade-insecure-requests' => '1',
)
[ info ] [ PARAM ] array (
  '/index/inner/purchase' => '',
)
[ info ] [ SESSION ] INIT array (
  'id' => '',
  'var_session_id' => '',
  'prefix' => 'keep_',
  'type' => '',
  'auto_start' => true,
)
[ info ] [ LOG ] INIT File

---------------------------------------------------------------
[ 2017-11-15T10:01:56+08:00 ] 127.0.0.2 127.0.0.1 GET /index/login/index
[ log ] www.sixer.com/index/login/index [运行时间：0.035877s][吞吐率：27.87req/s] [内存消耗：2,264.34kb] [文件加载：42]
[ info ] [ LANG ] /home/aptx/File/PHP/6rmh/thinkphp/lang/zh-cn.php
[ info ] [ ROUTE ] array (
  'type' => 'module',
  'module' => 
  array (
    0 => 'index',
    1 => 'login',
    2 => 'index',
  ),
)
[ info ] [ HEADER ] array (
  'host' => 'www.sixer.com',
  'user-agent' => 'Mozilla/5.0 (X11; Linux x86_64; rv:58.0) Gecko/20100101 Firefox/58.0',
  'accept' => 'text/html,application/xhtml+xml,application/xml;q=0.9,*/*;q=0.8',
  'accept-language' => 'zh-CN,en-US;q=0.7,en;q=0.3',
  'accept-encoding' => 'gzip, deflate',
  'referer' => 'http://www.sixer.com/index/order/index',
  'cookie' => 'PHPSESSID=g4a0ikigj05ucf69ovs2o6sg030d8omns8jn50e51oj0heu31tp1',
  'dnt' => '1',
  'connection' => 'keep-alive',
  'upgrade-insecure-requests' => '1',
)
[ info ] [ PARAM ] array (
  '/index/login/index' => '',
)
[ info ] [ RUN ] app\index\controller\Login->index[ /home/aptx/File/PHP/6rmh/app/index/controller/Login.php ]
[ info ] [ SESSION ] INIT array (
  'id' => '',
  'var_session_id' => '',
  'prefix' => 'keep_',
  'type' => '',
  'auto_start' => true,
)
[ info ] [ VIEW ] /home/aptx/File/PHP/6rmh/public/../app/index/view/login/index.html [ array (
  0 => 'header',
) ]
[ info ] [ LOG ] INIT File

---------------------------------------------------------------
[ 2017-11-15T10:01:57+08:00 ] 127.0.0.2 127.0.0.1 GET /index/login/index
[ log ] www.sixer.com/index/login/index [运行时间：0.025663s][吞吐率：38.97req/s] [内存消耗：2,264.13kb] [文件加载：42]
[ info ] [ LANG ] /home/aptx/File/PHP/6rmh/thinkphp/lang/zh-cn.php
[ info ] [ ROUTE ] array (
  'type' => 'module',
  'module' => 
  array (
    0 => 'index',
    1 => 'login',
    2 => 'index',
  ),
)
[ info ] [ HEADER ] array (
  'host' => 'www.sixer.com',
  'user-agent' => 'Mozilla/5.0 (X11; Linux x86_64; rv:58.0) Gecko/20100101 Firefox/58.0',
  'accept' => '*/*',
  'accept-language' => 'zh-CN,en-US;q=0.7,en;q=0.3',
  'accept-encoding' => 'gzip, deflate',
  'referer' => 'http://www.sixer.com/index/login/index',
  'cookie' => 'PHPSESSID=g4a0ikigj05ucf69ovs2o6sg030d8omns8jn50e51oj0heu31tp1',
  'dnt' => '1',
  'connection' => 'keep-alive',
)
[ info ] [ PARAM ] array (
  '/index/login/index' => '',
)
[ info ] [ RUN ] app\index\controller\Login->index[ /home/aptx/File/PHP/6rmh/app/index/controller/Login.php ]
[ info ] [ SESSION ] INIT array (
  'id' => '',
  'var_session_id' => '',
  'prefix' => 'keep_',
  'type' => '',
  'auto_start' => true,
)
[ info ] [ VIEW ] /home/aptx/File/PHP/6rmh/public/../app/index/view/login/index.html [ array (
  0 => 'header',
) ]
[ info ] [ LOG ] INIT File

---------------------------------------------------------------
